HEADERS:
Array
(
    [User-Agent] => PostmanRuntime/7.44.0
    [Accept] => */*
    [Postman-Token] => 5b8ded5d-a441-4b08-b333-17c8d62314aa
    [Host] => localhost
    [Accept-Encoding] => gzip, deflate, br
    [Connection] => keep-alive
    [Content-Type] => multipart/form-data; boundary=--------------------------927831748120757368572873
    [Content-Length] => 217
)
TOKEN: 
HEADERS:
Array
(
    [User-Agent] => PostmanRuntime/7.44.0
    [Accept] => */*
    [Postman-Token] => 4fe51b65-36ca-4bdd-ae38-05036c00079c
    [Host] => localhost
    [Accept-Encoding] => gzip, deflate, br
    [Connection] => keep-alive
    [Content-Type] => multipart/form-data; boundary=--------------------------544353095513858680392415
    [Cookie] => PHPSESSID=2ghb4mutrg6r5o3a54t9ek3o4n
    [Content-Length] => 217
)
TOKEN: a.7716f3594428a35c3485993e3c1b508ae5d5b7b4ee27c22b
EXCEPTION: Expired token
HEADERS:
Array
(
    [User-Agent] => PostmanRuntime/7.44.0
    [Accept] => */*
    [Postman-Token] => a512c9e4-f529-43f1-af58-fac4b11ea35a
    [Host] => localhost
    [Accept-Encoding] => gzip, deflate, br
    [Connection] => keep-alive
    [Content-Type] => multipart/form-data; boundary=--------------------------571356149070674846700578
    [Cookie] => PHPSESSID=2ghb4mutrg6r5o3a54t9ek3o4n
    [Content-Length] => 217
)
TOKEN: a.7716f3594428a35c3485993e3c1b508ae5d5b7b4ee27c22b
EXCEPTION: Invalid token
HEADERS:
Array
(
    [User-Agent] => PostmanRuntime/7.44.0
    [Accept] => */*
    [Postman-Token] => 20757a03-3b31-49e7-afd3-31874a157948
    [Host] => localhost
    [Accept-Encoding] => gzip, deflate, br
    [Connection] => keep-alive
    [Content-Type] => multipart/form-data; boundary=--------------------------609314593975025927691462
    [Cookie] => PHPSESSID=2ghb4mutrg6r5o3a54t9ek3o4n
    [Content-Length] => 217
)
TOKEN: a.7716f3594428a35c3485993e3c1b508ae5d5b7b4ee27c22b
EXCEPTION: Invalid token
HEADERS:
Array
(
    [User-Agent] => PostmanRuntime/7.44.0
    [Accept] => */*
    [Postman-Token] => 34698eaa-6217-4d00-9305-179fa58b06d5
    [Host] => localhost
    [Accept-Encoding] => gzip, deflate, br
    [Connection] => keep-alive
    [Content-Type] => multipart/form-data; boundary=--------------------------240326399977426114774109
    [Cookie] => PHPSESSID=2ghb4mutrg6r5o3a54t9ek3o4n
    [Content-Length] => 217
)
TOKEN: a.7716f3594428a35c3485993e3c1b508ae5d5b7b4ee27c22b
EXCEPTION: Invalid token
HEADERS:
Array
(
    [User-Agent] => PostmanRuntime/7.44.0
    [Accept] => */*
    [Postman-Token] => fc7df322-f6f6-4536-91be-7b4fd0d98425
    [Host] => localhost
    [Accept-Encoding] => gzip, deflate, br
    [Connection] => keep-alive
    [Content-Type] => multipart/form-data; boundary=--------------------------482040035374957746558328
    [Cookie] => PHPSESSID=2ghb4mutrg6r5o3a54t9ek3o4n
    [Content-Length] => 233
)
TOKEN: a.ebd899484d3396c303e7090e87fb4467c783504d8d3658d10bc419509fdd9a14
EXCEPTION: Expired token
HEADERS:
Array
(
    [User-Agent] => PostmanRuntime/7.44.0
    [Accept] => */*
    [Postman-Token] => 81624cec-7e40-462b-ac73-9893421a1bc1
    [Host] => localhost
    [Accept-Encoding] => gzip, deflate, br
    [Connection] => keep-alive
    [Content-Type] => multipart/form-data; boundary=--------------------------093561108733113024762304
    [Cookie] => PHPSESSID=2ghb4mutrg6r5o3a54t9ek3o4n
    [Content-Length] => 233
)
TOKEN: a.ebd899484d3396c303e7090e87fb4467c783504d8d3658d10bc419509fdd9a14
EXCEPTION: Invalid token
HEADERS:
Array
(
    [User-Agent] => PostmanRuntime/7.44.0
    [Accept] => */*
    [Postman-Token] => 6332572c-8e37-4ff0-a819-9adf27ccfb99
    [Host] => localhost
    [Accept-Encoding] => gzip, deflate, br
    [Connection] => keep-alive
    [Content-Type] => multipart/form-data; boundary=--------------------------320801760074921861138407
    [Cookie] => PHPSESSID=2ghb4mutrg6r5o3a54t9ek3o4n
    [Content-Length] => 226
)
TOKEN: 
HEADERS:
Array
(
    [User-Agent] => PostmanRuntime/7.44.0
    [Accept] => */*
    [Postman-Token] => 5a7d4c15-fb63-4e4c-a12e-9e01bafc6fa0
    [Host] => localhost
    [Accept-Encoding] => gzip, deflate, br
    [Connection] => keep-alive
    [Content-Type] => multipart/form-data; boundary=--------------------------152660430523410783781911
    [Cookie] => PHPSESSID=2ghb4mutrg6r5o3a54t9ek3o4n
    [Content-Length] => 226
)
TOKEN: 
HEADERS:
Array
(
    [User-Agent] => PostmanRuntime/7.44.0
    [Accept] => */*
    [Postman-Token] => 64354f4c-565f-4893-89d4-9bd5d5e63ba4
    [Host] => localhost
    [Accept-Encoding] => gzip, deflate, br
    [Connection] => keep-alive
    [Content-Type] => multipart/form-data; boundary=--------------------------189425005750809128450624
    [Cookie] => PHPSESSID=2ghb4mutrg6r5o3a54t9ek3o4n
    [Content-Length] => 226
)
TOKEN: 
HEADERS:
Array
(
    [User-Agent] => PostmanRuntime/7.44.0
    [Accept] => */*
    [Postman-Token] => 68b25558-4511-459a-9f5d-e5fe2cca21d9
    [Host] => localhost
    [Accept-Encoding] => gzip, deflate, br
    [Connection] => keep-alive
    [Content-Type] => multipart/form-data; boundary=--------------------------964561866055541949332316
    [Cookie] => PHPSESSID=2ghb4mutrg6r5o3a54t9ek3o4n
    [Content-Length] => 226
)
TOKEN: 
